Arguments: 
  C:\Program Files\nodejs\node.exe C:\Program Files (x86)\Yarn\bin\yarn.js add @react-native-community/async-storage

PATH: 
  C:\Users\Utente\Documents\GitHub\NearMePedia\node_modules\.bin;C:\ProgramData\DockerDesktop\version-bin;C:\Program Files\Docker\Docker\Resources\bin;C:\Program Files\Haskell\bin;C:\Program Files\Haskell Platform\8.4.3\lib\extralibs\bin;C:\Program Files\Haskell Platform\8.4.3\bin;C:\Program Files (x86)\Common Files\Oracle\Java\javapath;C:\Program Files (x86)\Common Files\Intel\Shared Libraries\redist\intel64\compiler;C:\WINDOWS\system32;C:\WINDOWS;C:\WINDOWS\System32\Wbem;C:\WINDOWS\System32\WindowsPowerShell\v1.0\;C:\Program Files (x86)\NVIDIA Corporation\PhysX\Common;C:\Program Files\erl9.0\bin;C:\Program Files (x86)\Elixir\bin;C:\Users\Utente\.mix\escripts;C:\Program Files\PuTTY\;C:\WINDOWS\System32\OpenSSH\;C:\Program Files\Haskell Platform\8.4.3\mingw\bin;C:\Program Files\dotnet\;C:\Program Files\Microsoft SQL Server\130\Tools\Binn\;C:\Program Files (x86)\apache-maven-3.6.1\bin;C:\Program Files\NVIDIA Corporation\NVIDIA NvDLISR;C:\Program Files\Java\jdk-13\bin;C:\WINDOWS\system32;C:\WINDOWS;C:\WINDOWS\System32\Wbem;C:\WINDOWS\System32\WindowsPowerShell\v1.0\;C:\WINDOWS\System32\OpenSSH\;C:\Program Files (x86)\Yarn\bin\;C:\Users\Utente\AppData\Roaming\nvm;C:\Program Files\nodejs\;C:\Program Files\Git\cmd;C:\Ruby26-x64\bin;C:\Users\Utente\AppData\Roaming\cabal\bin;C:\Users\Utente\AppData\Roaming\local\bin;C:\Ruby25-x64\bin;C:\Users\Utente\AppData\Local\Microsoft\WindowsApps;C:\Users\Utente\AppData\Local\GitHubDesktop\bin;C:\Users\Utente\AppData\Local\atom\bin;C:\Dev-Cpp\bin;C:\GnuWin32\bin;C:\Program Files\JetBrains\IntelliJ IDEA 2019.1.1\bin;;C:\Users\Utente\AppData\Local\Microsoft\WindowsApps;C:\Users\Utente\AppData\Local\Yarn\bin;;C:\Users\Utente\AppData\Roaming\nvm;C:\Users\Utente\AppData\Roaming\npm

Yarn version: 
  1.19.1

Node version: 
  10.17.0

Platform: 
  win32 x64

Trace: 
  Error: EPERM: operation not permitted, unlink 'C:\Users\Utente\Documents\GitHub\NearMePedia\node_modules\eslint\bin'

npm manifest: 
  {
    "main": "node_modules/expo/AppEntry.js",
    "scripts": {
      "start": "expo start",
      "android": "expo start --android",
      "ios": "expo start --ios",
      "web": "expo start --web",
      "eject": "expo eject",
      "test": "jest --watchAll"
    },
    "jest": {
      "preset": "jest-expo"
    },
    "dependencies": {
      "@expo/samples": "~3.0.3",
      "@expo/vector-icons": "^10.0.3",
      "@material-ui/core": "^4.8.0",
      "@react-navigation/web": "^1.0.0-alpha.9",
      "expo": "^35.0.0",
      "expo-asset": "^7.0.0",
      "expo-constants": "^7.0.0",
      "expo-font": "^7.0.0",
      "expo-location": "~7.0.0",
      "expo-web-browser": "^7.0.0",
      "react": "16.8.3",
      "react-dom": "16.8.3",
      "react-geocode": "^0.2.1",
      "react-native": "https://github.com/expo/react-native/archive/sdk-35.0.0.tar.gz",
      "react-native-gesture-handler": "~1.3.0",
      "react-native-web": "^0.11.7",
      "react-navigation": "^3.12.0",
      "redux": "^4.0.4",
      "redux-persist": "^6.0.0"
    },
    "devDependencies": {
      "babel-preset-expo": "^7.0.0",
      "jest-expo": "^35.0.0",
      "react-redux": "^7.1.3"
    },
    "private": true
  }

yarn manifest: 
  No manifest

Lockfile: 
  No lockfile
